  Main.cpp
C:\Users\Garage\Desktop\dev\SFML Projects\FirstProject\Main.cpp(36,17): warning C4244: 'initializing': conversion from 'double' to 'float', possible loss of data
C:\Users\Garage\Desktop\dev\SFML Projects\FirstProject\Main.cpp(41,54): warning C4244: 'argument': conversion from 'float' to 'unsigned int', possible loss of data
C:\Users\Garage\Desktop\dev\SFML Projects\FirstProject\Main.cpp(41,40): warning C4244: 'argument': conversion from 'float' to 'unsigned int', possible loss of data
C:\Users\Garage\Desktop\dev\SFML Projects\FirstProject\Main.cpp(120,26): warning C4305: '+=': truncation from 'double' to 'float'
C:\Users\Garage\Desktop\dev\SFML Projects\FirstProject\Main.cpp(128,24): warning C4305: '-=': truncation from 'double' to 'float'
C:\Users\Garage\Desktop\dev\SFML Projects\FirstProject\Main.cpp(156,63): warning C4244: 'argument': conversion from 'int' to 'T', possible loss of data
          with
          [
              T=float
          ]
C:\Users\Garage\Desktop\dev\SFML Projects\FirstProject\Main.cpp(156,49): warning C4244: 'argument': conversion from 'int' to 'T', possible loss of data
          with
          [
              T=float
          ]
C:\Users\Garage\Desktop\dev\SFML Projects\FirstProject\Main.cpp(157,44): warning C4244: 'argument': conversion from 'int' to 'float', possible loss of data
C:\Users\Garage\Desktop\dev\SFML Projects\FirstProject\Main.cpp(157,30): warning C4244: 'argument': conversion from 'int' to 'float', possible loss of data
C:\Users\Garage\Desktop\dev\SFML Projects\FirstProject\Main.cpp(168,26): warning C4244: '=': conversion from 'double' to 'float', possible loss of data
C:\Users\Garage\Desktop\dev\SFML Projects\FirstProject\Main.cpp(170,22): warning C4305: '+=': truncation from 'double' to 'float'
C:\Users\Garage\Desktop\dev\SFML Projects\FirstProject\Main.cpp(173,22): warning C4305: '-=': truncation from 'double' to 'float'
C:\Users\Garage\Desktop\dev\SFML Projects\FirstProject\Main.cpp(178,14): warning C4305: 'initializing': truncation from 'int' to 'float'
C:\Users\Garage\Desktop\dev\SFML Projects\FirstProject\Main.cpp(182,40): warning C4244: '=': conversion from 'double' to 'float', possible loss of data
C:\Users\Garage\Desktop\dev\SFML Projects\FirstProject\Main.cpp(188,40): warning C4244: '=': conversion from 'int' to 'float', possible loss of data
C:\Users\Garage\Desktop\dev\SFML Projects\FirstProject\Main.cpp(219,14): warning C4305: 'initializing': truncation from 'int' to 'float'
C:\Users\Garage\Desktop\dev\SFML Projects\FirstProject\Main.cpp(223,40): warning C4244: '=': conversion from 'double' to 'float', possible loss of data
C:\Users\Garage\Desktop\dev\SFML Projects\FirstProject\Main.cpp(229,40): warning C4244: '=': conversion from 'int' to 'float', possible loss of data
C:\Users\Garage\Desktop\dev\SFML Projects\FirstProject\Main.cpp(277,16): warning C4305: '+=': truncation from 'double' to 'float'
C:\Users\Garage\Desktop\dev\SFML Projects\FirstProject\Main.cpp(280,16): warning C4305: '-=': truncation from 'double' to 'float'
C:\Users\Garage\Desktop\dev\SFML Projects\FirstProject\Main.cpp(291,43): warning C4244: 'argument': conversion from 'int' to 'T', possible loss of data
          with
          [
              T=float
          ]
C:\Users\Garage\Desktop\dev\SFML Projects\FirstProject\Main.cpp(295,28): warning C4305: '+=': truncation from 'double' to 'float'
C:\Users\Garage\Desktop\dev\SFML Projects\FirstProject\Main.cpp(297,23): warning C4305: '+=': truncation from 'double' to 'float'
C:\Users\Garage\Desktop\dev\SFML Projects\FirstProject\Main.cpp(300,23): warning C4305: '-=': truncation from 'double' to 'float'
  Generating code
  1 of 19 functions ( 5.3%) were compiled, the rest were copied from previous compilation.
    0 functions were new in current compilation
    3 functions had inline decision re-evaluated but remain unchanged
  Finished generating code
  FirstProject.vcxproj -> C:\Users\Garage\Desktop\dev\SFML Projects\FirstProject\Release\FirstProject.exe
